1646650091329	geckodriver	INFO	Listening on 127.0.0.1:59828
1646650094491	mozrunner::runner	INFO	Running command: "C:\\Program Files\\Mozilla Firefox\\firefox.exe" "--marionette" "--remote-debugging-port" "59829" "-no-remote" "-profile" "C:\\Users\\SUNPLU~1\\AppData\\Local\\Temp\\rust_mozprofileIVtoaW"
1646650099360	Marionette	INFO	Marionette enabled
console.warn: SearchSettings: "get: No settings file exists, new profile?" (new NotFoundError("Could not open the file at C:\\Users\\sunplus-08\\AppData\\Local\\Temp\\rust_mozprofileIVtoaW\\search.json.mozlz4", (void 0)))
DevTools listening on ws://localhost:59829/devtools/browser/6666dbaf-04c7-4078-bf52-1f8ed1c7402e
1646650119822	Marionette	INFO	Listening on port 59834
1646650120413	RemoteAgent	WARN	TLS certificate errors will be ignored for this session
console.warn: LoginRecipes: "getRecipes: falling back to a synchronous message for:" "https://kuwsdb-demo.sunplussoftware.com"
1646650183790	Marionette	INFO	Stopped listening on port 59834

###!!! [Child][PContentChild] Error: RunMessage(msgname=PHttpChannel::Msg_DeleteSelf) Channel closing: too late to send/recv, messages will be lost


###!!! [Child][PContentChild] Error: RunMessage(msgname=PHttpChannel::Msg_DeleteSelf) Channel closing: too late to send/recv, messages will be lost

[Parent 12100, IPC I/O Parent] WARNING: file /builds/worker/checkouts/gecko/ipc/chromium/src/base/process_util_win.cc:167

###!!! [Parent][PGPUParent] Error: RunMessage(msgname=PGPU::Msg_ShutdownVR) Channel closing: too late to send/recv, messages will be lost

1646650284570	geckodriver	INFO	Listening on 127.0.0.1:53017
1646650287638	mozrunner::runner	INFO	Running command: "C:\\Program Files\\Mozilla Firefox\\firefox.exe" "--marionette" "--remote-debugging-port" "53018" "-no-remote" "-profile" "C:\\Users\\SUNPLU~1\\AppData\\Local\\Temp\\rust_mozprofilewsNAcY"
1646650288960	Marionette	INFO	Marionette enabled
console.warn: SearchSettings: "get: No settings file exists, new profile?" (new NotFoundError("Could not open the file at C:\\Users\\sunplus-08\\AppData\\Local\\Temp\\rust_mozprofilewsNAcY\\search.json.mozlz4", (void 0)))
DevTools listening on ws://localhost:53018/devtools/browser/5e8951c4-2091-4f0c-9a93-7f962d3df7bb
1646650295617	Marionette	INFO	Listening on port 53023
1646650296162	RemoteAgent	WARN	TLS certificate errors will be ignored for this session
console.warn: LoginRecipes: "getRecipes: falling back to a synchronous message for:" "http://203.92.59.154:4200"
JavaScript error: resource://gre/modules/LoginManagerParent.jsm, line 136: TypeError: gRecipeManager is null
1646650407983	Marionette	INFO	Stopped listening on port 53023
console.warn: TopSitesFeed: Failed to fetch data from Contile server: NetworkError when attempting to fetch resource.
[Parent 14228, IPC I/O Parent] WARNING: file /builds/worker/checkouts/gecko/ipc/chromium/src/base/process_util_win.cc:167
