==============================================================================
Suites                                                                        
==============================================================================
Suites.Projectexcel                                                           
==============================================================================
ProjectExcel using ${projecttype}                                       
  Traceback (most recent call last):
    ~~~~~~~~~~~~~~~~~~~~~~~~~~~~~~~~~~~~~~~~~~~~~~~~~~~~~~~~~~~~~~~~~~~~~~~~~~
    File  C:\Users\sunplus-08\PycharmProjects\PMMS\testcases\projectexcel.robot:9
    T:  ProjectExcel using ${projecttype}    
    ~~~~~~~~~~~~~~~~~~~~~~~~~~~~~~~~~~~~~~~~~~~~~~~~~~~~~~~~~~~~~~~~~~~~~~~~~~
    File  C:\Users\sunplus-08\PycharmProjects\PMMS\testcases\projectexcel.robot:0
      CreateProject    ${projecttype}    Atal Mission for Rejuvenation and Urban Transformation (AMRUT)    2021-2022    Dharwad Zone    Belagavi Division
      |  ${projecttype} = <Unable to define variable value>
______________________________________________________________________________
| FAIL |
Variable '${projecttype}' not found.
------------------------------------------------------------------------------
Suites.Projectexcel                                                   | FAIL |
1 test, 0 passed, 1 failed
==============================================================================
Suites                                                                | FAIL |
1 test, 0 passed, 1 failed
==============================================================================
Output:  C:\Users\sunplus-08\PycharmProjects\PMMS\Results\pabot_results\1\output.xml
